<?xml version="1.0" encoding="UTF-8"?>
<!-- Generated by org.testng.reporters.JUnitXMLReporter -->
<testsuite hostname="HDC3-L-FGPJ0N2" ignored="0" name="Test" tests="6" failures="0" timestamp="2020-06-23T22:38:42 IST" time="0.083" errors="0">
  <testcase name="purchase" time="0.009" classname="mavenproject.Mavenjava.SeleniumTest"/>
  <testcase name="rights" time="0.0" classname="mavenproject.Mavenjava.SeleniumTest"/>
  <testcase name="login" time="0.0" classname="mavenproject.Mavenjava.ApiTest"/>
  <testcase name="logout" time="0.001" classname="mavenproject.Mavenjava.ApiTest"/>
  <testcase name="batch" time="0.001" classname="mavenproject.Mavenjava.AppiumTest"/>
  <testcase name="run" time="0.001" classname="mavenproject.Mavenjava.AppiumTest"/>
</testsuite> <!-- Test -->
