<?xml version="1.0" encoding="UTF-8"?>
<testsuite xmlns:xsi="http://www.w3.org/2001/XMLSchema-instance" xsi:noNamespaceSchemaLocation="https://maven.apache.org/surefire/maven-surefire-plugin/xsd/surefire-test-report-3.0.xsd" version="3.0" name="TestSuite" time="1.542" tests="6" errors="0" skipped="0" failures="0">
  <properties>
[...]
</properties>
  <testcase name="purchase" classname="mavenproject.Mavenjava.SeleniumTest" time="0.015">
    <system-out><![CDATA[purchase
]]></system-out>
  </testcase>
  <testcase name="rights" classname="mavenproject.Mavenjava.SeleniumTest" time="0.001">
    <system-out><![CDATA[rights
]]></system-out>
  </testcase>
  <testcase name="login" classname="mavenproject.Mavenjava.ApiTest" time="0.004">
    <system-out><![CDATA[hello
]]></system-out>
  </testcase>
  <testcase name="logout" classname="mavenproject.Mavenjava.ApiTest" time="0.001">
    <system-out><![CDATA[Bye
]]></system-out>
  </testcase>
  <testcase name="batch" classname="mavenproject.Mavenjava.AppiumTest" time="0.003">
    <system-out><![CDATA[batch
]]></system-out>
  </testcase>
  <testcase name="run" classname="mavenproject.Mavenjava.AppiumTest" time="0.001">
    <system-out><![CDATA[run
]]></system-out>
  </testcase>
</testsuite>