<?xml version="1.0" encoding="UTF-8"?>
<testng-results skipped="0" failed="0" ignored="0" total="2" passed="2">
  <reporter-output>
  </reporter-output>
  <suite name="Default suite" duration-ms="69" started-at="2020-06-23T16:42:02Z" finished-at="2020-06-23T16:42:02Z">
    <groups>
    </groups>
    <test name="Default test" duration-ms="69" started-at="2020-06-23T16:42:02Z" finished-at="2020-06-23T16:42:02Z">
      <class name="mavenproject.Mavenjava.appium">
        <test-method status="PASS" signature="batch()[pri:0, instance:mavenproject.Mavenjava.appium@13a5fe33]" name="batch" duration-ms="16" started-at="2020-06-23T16:42:02Z" finished-at="2020-06-23T16:42:02Z">
          <reporter-output>
          </reporter-output>
        </test-method> <!-- batch -->
        <test-method status="PASS" signature="run()[pri:0, instance:mavenproject.Mavenjava.appium@13a5fe33]" name="run" duration-ms="2" started-at="2020-06-23T16:42:02Z" finished-at="2020-06-23T16:42:02Z">
          <reporter-output>
          </reporter-output>
        </test-method> <!-- run -->
      </class> <!-- mavenproject.Mavenjava.appium -->
    </test> <!-- Default test -->
  </suite> <!-- Default suite -->
</testng-results>
